<?xml version="1.0" encoding="UTF-8"?>
<testsuite xmlns:xsi="http://www.w3.org/2001/XMLSchema-instance" xsi:noNamespaceSchemaLocation="https://maven.apache.org/surefire/maven-surefire-plugin/xsd/surefire-test-report-3.0.xsd" version="3.0" name="com.inxpress.shipment.integrations.accufrate.RateQuoteClientTest" time="1.063" tests="1" errors="0" skipped="0" failures="0">
  <properties>
    <property name="java.specification.version" value="18"/>
    <property name="sun.jnu.encoding" value="UTF-8"/>
    <property name="java.class.path" value="/Users/andrew/Development/Projects/InXPress/Code/inxpress-shipment-integrations-accufrate/target/test-classes:/Users/andrew/Development/Projects/InXPress/Code/inxpress-shipment-integrations-accufrate/target/classes:/Users/andrew/Development/Projects/InXPress/Code/inxpress-shipment-data/target/data-0.0.1-SNAPSHOT.jar:/Users/andrew/.m2/repository/org/springframework/boot/spring-boot-starter-web-services/2.6.6/spring-boot-starter-web-services-2.6.6.jar:/Users/andrew/.m2/repository/org/springframework/boot/spring-boot-starter-web/2.6.6/spring-boot-starter-web-2.6.6.jar:/Users/andrew/.m2/repository/org/springframework/boot/spring-boot-starter/2.6.6/spring-boot-starter-2.6.6.jar:/Users/andrew/.m2/repository/org/springframework/boot/spring-boot/2.6.6/spring-boot-2.6.6.jar:/Users/andrew/.m2/repository/org/springframework/boot/spring-boot-autoconfigure/2.6.6/spring-boot-autoconfigure-2.6.6.jar:/Users/andrew/.m2/repository/org/springframework/boot/spring-boot-starter-logging/2.6.6/spring-boot-starter-logging-2.6.6.jar:/Users/andrew/.m2/repository/ch/qos/logback/logback-classic/1.2.11/logback-classic-1.2.11.jar:/Users/andrew/.m2/repository/ch/qos/logback/logback-core/1.2.11/logback-core-1.2.11.jar:/Users/andrew/.m2/repository/org/slf4j/slf4j-api/1.7.32/slf4j-api-1.7.32.jar:/Users/andrew/.m2/repository/org/apache/logging/log4j/log4j-to-slf4j/2.17.2/log4j-to-slf4j-2.17.2.jar:/Users/andrew/.m2/repository/org/apache/logging/log4j/log4j-api/2.17.2/log4j-api-2.17.2.jar:/Users/andrew/.m2/repository/org/slf4j/jul-to-slf4j/1.7.36/jul-to-slf4j-1.7.36.jar:/Users/andrew/.m2/repository/jakarta/annotation/jakarta.annotation-api/1.3.5/jakarta.annotation-api-1.3.5.jar:/Users/andrew/.m2/repository/org/yaml/snakeyaml/1.29/snakeyaml-1.29.jar:/Users/andrew/.m2/repository/org/springframework/boot/spring-boot-starter-json/2.6.6/spring-boot-starter-json-2.6.6.jar:/Users/andrew/.m2/repository/com/fasterxml/jackson/core/jackson-databind/2.13.2.2/jackson-databind-2.13.2.2.jar:/Users/andrew/.m2/repository/com/fasterxml/jackson/core/jackson-annotations/2.13.2/jackson-annotations-2.13.2.jar:/Users/andrew/.m2/repository/com/fasterxml/jackson/core/jackson-core/2.13.2/jackson-core-2.13.2.jar:/Users/andrew/.m2/repository/com/fasterxml/jackson/datatype/jackson-datatype-jdk8/2.13.2/jackson-datatype-jdk8-2.13.2.jar:/Users/andrew/.m2/repository/com/fasterxml/jackson/datatype/jackson-datatype-jsr310/2.13.2/jackson-datatype-jsr310-2.13.2.jar:/Users/andrew/.m2/repository/com/fasterxml/jackson/module/jackson-module-parameter-names/2.13.2/jackson-module-parameter-names-2.13.2.jar:/Users/andrew/.m2/repository/org/springframework/spring-web/5.3.18/spring-web-5.3.18.jar:/Users/andrew/.m2/repository/org/springframework/spring-webmvc/5.3.18/spring-webmvc-5.3.18.jar:/Users/andrew/.m2/repository/org/springframework/spring-context/5.3.18/spring-context-5.3.18.jar:/Users/andrew/.m2/repository/org/springframework/spring-expression/5.3.18/spring-expression-5.3.18.jar:/Users/andrew/.m2/repository/com/sun/xml/messaging/saaj/saaj-impl/1.5.3/saaj-impl-1.5.3.jar:/Users/andrew/.m2/repository/jakarta/xml/soap/jakarta.xml.soap-api/1.4.2/jakarta.xml.soap-api-1.4.2.jar:/Users/andrew/.m2/repository/org/jvnet/staxex/stax-ex/1.8.3/stax-ex-1.8.3.jar:/Users/andrew/.m2/repository/jakarta/xml/ws/jakarta.xml.ws-api/2.3.3/jakarta.xml.ws-api-2.3.3.jar:/Users/andrew/.m2/repository/jakarta/jws/jakarta.jws-api/2.1.0/jakarta.jws-api-2.1.0.jar:/Users/andrew/.m2/repository/org/springframework/spring-oxm/5.3.18/spring-oxm-5.3.18.jar:/Users/andrew/.m2/repository/org/springframework/spring-beans/5.3.18/spring-beans-5.3.18.jar:/Users/andrew/.m2/repository/org/springframework/ws/spring-ws-core/3.1.3/spring-ws-core-3.1.3.jar:/Users/andrew/.m2/repository/org/springframework/ws/spring-xml/3.1.3/spring-xml-3.1.3.jar:/Users/andrew/.m2/repository/org/springframework/spring-aop/5.3.17/spring-aop-5.3.17.jar:/Users/andrew/.m2/repository/org/springframework/spring-core/5.3.17/spring-core-5.3.17.jar:/Users/andrew/.m2/repository/org/springframework/spring-jcl/5.3.17/spring-jcl-5.3.17.jar:/Users/andrew/.m2/repository/org/glassfish/jaxb/jaxb-runtime/2.3.3/jaxb-runtime-2.3.3.jar:/Users/andrew/.m2/repository/jakarta/xml/bind/jakarta.xml.bind-api/2.3.3/jakarta.xml.bind-api-2.3.3.jar:/Users/andrew/.m2/repository/org/glassfish/jaxb/txw2/2.3.3/txw2-2.3.3.jar:/Users/andrew/.m2/repository/com/sun/istack/istack-commons-runtime/3.0.11/istack-commons-runtime-3.0.11.jar:/Users/andrew/.m2/repository/com/sun/activation/jakarta.activation/1.2.2/jakarta.activation-1.2.2.jar:/Users/andrew/.m2/repository/junit/junit/4.13.2/junit-4.13.2.jar:/Users/andrew/.m2/repository/org/hamcrest/hamcrest-core/1.3/hamcrest-core-1.3.jar:/Users/andrew/.m2/repository/org/springframework/spring-test/5.3.19/spring-test-5.3.19.jar:/Users/andrew/.m2/repository/org/assertj/assertj-core/3.22.0/assertj-core-3.22.0.jar:"/>
    <property name="java.vm.vendor" value="Amazon.com Inc."/>
    <property name="sun.arch.data.model" value="64"/>
    <property name="java.vendor.url" value="https://aws.amazon.com/corretto/"/>
    <property name="os.name" value="Mac OS X"/>
    <property name="java.vm.specification.version" value="18"/>
    <property name="sun.java.launcher" value="SUN_STANDARD"/>
    <property name="user.country" value="GB"/>
    <property name="sun.boot.library.path" value="/Library/Java/JavaVirtualMachines/amazon-corretto-18.jdk/Contents/Home/lib"/>
    <property name="sun.java.command" value="/Users/andrew/Development/Projects/InXPress/Code/inxpress-shipment-integrations-accufrate/target/surefire/surefirebooter7124395492465982618.jar /Users/andrew/Development/Projects/InXPress/Code/inxpress-shipment-integrations-accufrate/target/surefire 2022-04-21T17-10-26_033-jvmRun1 surefire10132118120080981520tmp surefire_013440115012901662731tmp"/>
    <property name="http.nonProxyHosts" value="local|*.local|169.254/16|*.169.254/16"/>
    <property name="jdk.debug" value="release"/>
    <property name="surefire.test.class.path" value="/Users/andrew/Development/Projects/InXPress/Code/inxpress-shipment-integrations-accufrate/target/test-classes:/Users/andrew/Development/Projects/InXPress/Code/inxpress-shipment-integrations-accufrate/target/classes:/Users/andrew/Development/Projects/InXPress/Code/inxpress-shipment-data/target/data-0.0.1-SNAPSHOT.jar:/Users/andrew/.m2/repository/org/springframework/boot/spring-boot-starter-web-services/2.6.6/spring-boot-starter-web-services-2.6.6.jar:/Users/andrew/.m2/repository/org/springframework/boot/spring-boot-starter-web/2.6.6/spring-boot-starter-web-2.6.6.jar:/Users/andrew/.m2/repository/org/springframework/boot/spring-boot-starter/2.6.6/spring-boot-starter-2.6.6.jar:/Users/andrew/.m2/repository/org/springframework/boot/spring-boot/2.6.6/spring-boot-2.6.6.jar:/Users/andrew/.m2/repository/org/springframework/boot/spring-boot-autoconfigure/2.6.6/spring-boot-autoconfigure-2.6.6.jar:/Users/andrew/.m2/repository/org/springframework/boot/spring-boot-starter-logging/2.6.6/spring-boot-starter-logging-2.6.6.jar:/Users/andrew/.m2/repository/ch/qos/logback/logback-classic/1.2.11/logback-classic-1.2.11.jar:/Users/andrew/.m2/repository/ch/qos/logback/logback-core/1.2.11/logback-core-1.2.11.jar:/Users/andrew/.m2/repository/org/slf4j/slf4j-api/1.7.32/slf4j-api-1.7.32.jar:/Users/andrew/.m2/repository/org/apache/logging/log4j/log4j-to-slf4j/2.17.2/log4j-to-slf4j-2.17.2.jar:/Users/andrew/.m2/repository/org/apache/logging/log4j/log4j-api/2.17.2/log4j-api-2.17.2.jar:/Users/andrew/.m2/repository/org/slf4j/jul-to-slf4j/1.7.36/jul-to-slf4j-1.7.36.jar:/Users/andrew/.m2/repository/jakarta/annotation/jakarta.annotation-api/1.3.5/jakarta.annotation-api-1.3.5.jar:/Users/andrew/.m2/repository/org/yaml/snakeyaml/1.29/snakeyaml-1.29.jar:/Users/andrew/.m2/repository/org/springframework/boot/spring-boot-starter-json/2.6.6/spring-boot-starter-json-2.6.6.jar:/Users/andrew/.m2/repository/com/fasterxml/jackson/core/jackson-databind/2.13.2.2/jackson-databind-2.13.2.2.jar:/Users/andrew/.m2/repository/com/fasterxml/jackson/core/jackson-annotations/2.13.2/jackson-annotations-2.13.2.jar:/Users/andrew/.m2/repository/com/fasterxml/jackson/core/jackson-core/2.13.2/jackson-core-2.13.2.jar:/Users/andrew/.m2/repository/com/fasterxml/jackson/datatype/jackson-datatype-jdk8/2.13.2/jackson-datatype-jdk8-2.13.2.jar:/Users/andrew/.m2/repository/com/fasterxml/jackson/datatype/jackson-datatype-jsr310/2.13.2/jackson-datatype-jsr310-2.13.2.jar:/Users/andrew/.m2/repository/com/fasterxml/jackson/module/jackson-module-parameter-names/2.13.2/jackson-module-parameter-names-2.13.2.jar:/Users/andrew/.m2/repository/org/springframework/spring-web/5.3.18/spring-web-5.3.18.jar:/Users/andrew/.m2/repository/org/springframework/spring-webmvc/5.3.18/spring-webmvc-5.3.18.jar:/Users/andrew/.m2/repository/org/springframework/spring-context/5.3.18/spring-context-5.3.18.jar:/Users/andrew/.m2/repository/org/springframework/spring-expression/5.3.18/spring-expression-5.3.18.jar:/Users/andrew/.m2/repository/com/sun/xml/messaging/saaj/saaj-impl/1.5.3/saaj-impl-1.5.3.jar:/Users/andrew/.m2/repository/jakarta/xml/soap/jakarta.xml.soap-api/1.4.2/jakarta.xml.soap-api-1.4.2.jar:/Users/andrew/.m2/repository/org/jvnet/staxex/stax-ex/1.8.3/stax-ex-1.8.3.jar:/Users/andrew/.m2/repository/jakarta/xml/ws/jakarta.xml.ws-api/2.3.3/jakarta.xml.ws-api-2.3.3.jar:/Users/andrew/.m2/repository/jakarta/jws/jakarta.jws-api/2.1.0/jakarta.jws-api-2.1.0.jar:/Users/andrew/.m2/repository/org/springframework/spring-oxm/5.3.18/spring-oxm-5.3.18.jar:/Users/andrew/.m2/repository/org/springframework/spring-beans/5.3.18/spring-beans-5.3.18.jar:/Users/andrew/.m2/repository/org/springframework/ws/spring-ws-core/3.1.3/spring-ws-core-3.1.3.jar:/Users/andrew/.m2/repository/org/springframework/ws/spring-xml/3.1.3/spring-xml-3.1.3.jar:/Users/andrew/.m2/repository/org/springframework/spring-aop/5.3.17/spring-aop-5.3.17.jar:/Users/andrew/.m2/repository/org/springframework/spring-core/5.3.17/spring-core-5.3.17.jar:/Users/andrew/.m2/repository/org/springframework/spring-jcl/5.3.17/spring-jcl-5.3.17.jar:/Users/andrew/.m2/repository/org/glassfish/jaxb/jaxb-runtime/2.3.3/jaxb-runtime-2.3.3.jar:/Users/andrew/.m2/repository/jakarta/xml/bind/jakarta.xml.bind-api/2.3.3/jakarta.xml.bind-api-2.3.3.jar:/Users/andrew/.m2/repository/org/glassfish/jaxb/txw2/2.3.3/txw2-2.3.3.jar:/Users/andrew/.m2/repository/com/sun/istack/istack-commons-runtime/3.0.11/istack-commons-runtime-3.0.11.jar:/Users/andrew/.m2/repository/com/sun/activation/jakarta.activation/1.2.2/jakarta.activation-1.2.2.jar:/Users/andrew/.m2/repository/junit/junit/4.13.2/junit-4.13.2.jar:/Users/andrew/.m2/repository/org/hamcrest/hamcrest-core/1.3/hamcrest-core-1.3.jar:/Users/andrew/.m2/repository/org/springframework/spring-test/5.3.19/spring-test-5.3.19.jar:/Users/andrew/.m2/repository/org/assertj/assertj-core/3.22.0/assertj-core-3.22.0.jar:"/>
    <property name="sun.cpu.endian" value="little"/>
    <property name="user.home" value="/Users/andrew"/>
    <property name="user.language" value="en"/>
    <property name="java.specification.vendor" value="Oracle Corporation"/>
    <property name="java.version.date" value="2022-03-22"/>
    <property name="java.home" value="/Library/Java/JavaVirtualMachines/amazon-corretto-18.jdk/Contents/Home"/>
    <property name="file.separator" value="/"/>
    <property name="basedir" value="/Users/andrew/Development/Projects/InXPress/Code/inxpress-shipment-integrations-accufrate"/>
    <property name="java.vm.compressedOopsMode" value="Zero based"/>
    <property name="line.separator" value="&#10;"/>
    <property name="java.vm.specification.vendor" value="Oracle Corporation"/>
    <property name="java.specification.name" value="Java Platform API Specification"/>
    <property name="apple.awt.application.name" value="ForkedBooter"/>
    <property name="surefire.real.class.path" value="/Users/andrew/Development/Projects/InXPress/Code/inxpress-shipment-integrations-accufrate/target/surefire/surefirebooter7124395492465982618.jar"/>
    <property name="sun.management.compiler" value="HotSpot 64-Bit Tiered Compilers"/>
    <property name="ftp.nonProxyHosts" value="local|*.local|169.254/16|*.169.254/16"/>
    <property name="java.runtime.version" value="18+37-FR"/>
    <property name="user.name" value="andrew"/>
    <property name="path.separator" value=":"/>
    <property name="os.version" value="12.3.1"/>
    <property name="java.runtime.name" value="OpenJDK Runtime Environment"/>
    <property name="file.encoding" value="UTF-8"/>
    <property name="java.vm.name" value="OpenJDK 64-Bit Server VM"/>
    <property name="java.vendor.version" value="Corretto-18.0.0.37.1"/>
    <property name="localRepository" value="/Users/andrew/.m2/repository"/>
    <property name="java.vendor.url.bug" value="https://github.com/corretto/corretto-18/issues/"/>
    <property name="java.io.tmpdir" value="/var/folders/q8/yy12dlz932vdhmbymw94v5c00000gn/T/"/>
    <property name="java.version" value="18"/>
    <property name="user.dir" value="/Users/andrew/Development/Projects/InXPress/Code/inxpress-shipment-integrations-accufrate"/>
    <property name="os.arch" value="x86_64"/>
    <property name="java.vm.specification.name" value="Java Virtual Machine Specification"/>
    <property name="native.encoding" value="UTF-8"/>
    <property name="java.library.path" value="/Users/andrew/Library/Java/Extensions:/Library/Java/Extensions:/Network/Library/Java/Extensions:/System/Library/Java/Extensions:/usr/lib/java:."/>
    <property name="java.vm.info" value="mixed mode, sharing"/>
    <property name="java.vendor" value="Amazon.com Inc."/>
    <property name="java.vm.version" value="18+37-FR"/>
    <property name="sun.io.unicode.encoding" value="UnicodeBig"/>
    <property name="socksNonProxyHosts" value="local|*.local|169.254/16|*.169.254/16"/>
    <property name="java.class.version" value="62.0"/>
  </properties>
  <testcase name="rateQuoteIsReturned" classname="com.inxpress.shipment.integrations.accufrate.RateQuoteClientTest" time="0.451">
    <system-out><![CDATA[17:10:30.469 [main] DEBUG org.springframework.test.context.junit4.SpringJUnit4ClassRunner - SpringJUnit4ClassRunner constructor called with [class com.inxpress.shipment.integrations.accufrate.RateQuoteClientTest]
17:10:30.473 [main] DEBUG org.springframework.test.context.BootstrapUtils - Instantiating CacheAwareContextLoaderDelegate from class [org.springframework.test.context.cache.DefaultCacheAwareContextLoaderDelegate]
17:10:30.477 [main] DEBUG org.springframework.test.context.BootstrapUtils - Instantiating BootstrapContext using constructor [public org.springframework.test.context.support.DefaultBootstrapContext(java.lang.Class,org.springframework.test.context.CacheAwareContextLoaderDelegate)]
17:10:30.492 [main] DEBUG org.springframework.test.context.BootstrapUtils - Instantiating TestContextBootstrapper for test class [com.inxpress.shipment.integrations.accufrate.RateQuoteClientTest] from class [org.springframework.test.context.support.DefaultTestContextBootstrapper]
17:10:30.506 [main] DEBUG org.springframework.test.context.support.AbstractDelegatingSmartContextLoader - Delegating to GenericXmlContextLoader to process context configuration [ContextConfigurationAttributes@5e4c8041 declaringClass = 'com.inxpress.shipment.integrations.accufrate.RateQuoteClientTest', classes = '{}', locations = '{classpath:test-context.xml}', inheritLocations = true, initializers = '{}', inheritInitializers = true, name = [null], contextLoaderClass = 'org.springframework.test.context.ContextLoader'].
17:10:30.524 [main] DEBUG org.springframework.test.context.support.ActiveProfilesUtils - Could not find an 'annotation declaring class' for annotation type [org.springframework.test.context.ActiveProfiles] and class [com.inxpress.shipment.integrations.accufrate.RateQuoteClientTest]
17:10:30.525 [main] DEBUG org.springframework.test.context.support.DefaultTestContextBootstrapper - @TestExecutionListeners is not present for class [com.inxpress.shipment.integrations.accufrate.RateQuoteClientTest]: using defaults.
17:10:30.525 [main] INFO org.springframework.test.context.support.DefaultTestContextBootstrapper - Loaded default TestExecutionListener class names from location [META-INF/spring.factories]: [org.springframework.test.context.web.ServletTestExecutionListener, org.springframework.test.context.support.DirtiesContextBeforeModesTestExecutionListener, org.springframework.test.context.event.ApplicationEventsTestExecutionListener, org.springframework.test.context.support.DependencyInjectionTestExecutionListener, org.springframework.test.context.support.DirtiesContextTestExecutionListener, org.springframework.test.context.transaction.TransactionalTestExecutionListener, org.springframework.test.context.jdbc.SqlScriptsTestExecutionListener, org.springframework.test.context.event.EventPublishingTestExecutionListener]
17:10:30.527 [main] DEBUG org.springframework.test.context.support.DefaultTestContextBootstrapper - Skipping candidate TestExecutionListener [org.springframework.test.context.web.ServletTestExecutionListener] due to a missing dependency. Specify custom listener classes or make the default listener classes and their required dependencies available. Offending class: [javax/servlet/ServletContext]
17:10:30.528 [main] DEBUG org.springframework.test.context.support.DefaultTestContextBootstrapper - Skipping candidate TestExecutionListener [org.springframework.test.context.transaction.TransactionalTestExecutionListener] due to a missing dependency. Specify custom listener classes or make the default listener classes and their required dependencies available. Offending class: [org/springframework/transaction/interceptor/TransactionAttributeSource]
17:10:30.528 [main] DEBUG org.springframework.test.context.support.DefaultTestContextBootstrapper - Skipping candidate TestExecutionListener [org.springframework.test.context.jdbc.SqlScriptsTestExecutionListener] due to a missing dependency. Specify custom listener classes or make the default listener classes and their required dependencies available. Offending class: [org/springframework/transaction/interceptor/TransactionAttribute]
17:10:30.528 [main] INFO org.springframework.test.context.support.DefaultTestContextBootstrapper - Using TestExecutionListeners: [org.springframework.test.context.support.DirtiesContextBeforeModesTestExecutionListener@6f96c77, org.springframework.test.context.event.ApplicationEventsTestExecutionListener@be64738, org.springframework.test.context.support.DependencyInjectionTestExecutionListener@3ba9ad43, org.springframework.test.context.support.DirtiesContextTestExecutionListener@49d904ec, org.springframework.test.context.event.EventPublishingTestExecutionListener@48e4374]
17:10:30.529 [main] DEBUG org.springframework.test.annotation.ProfileValueUtils - Retrieved @ProfileValueSourceConfiguration [null] for test class [com.inxpress.shipment.integrations.accufrate.RateQuoteClientTest]
17:10:30.530 [main] DEBUG org.springframework.test.annotation.ProfileValueUtils - Retrieved ProfileValueSource type [class org.springframework.test.annotation.SystemProfileValueSource] for class [com.inxpress.shipment.integrations.accufrate.RateQuoteClientTest]
17:10:30.530 [main] DEBUG org.springframework.test.annotation.ProfileValueUtils - Retrieved @ProfileValueSourceConfiguration [null] for test class [com.inxpress.shipment.integrations.accufrate.RateQuoteClientTest]
17:10:30.530 [main] DEBUG org.springframework.test.annotation.ProfileValueUtils - Retrieved ProfileValueSource type [class org.springframework.test.annotation.SystemProfileValueSource] for class [com.inxpress.shipment.integrations.accufrate.RateQuoteClientTest]
17:10:30.531 [main] DEBUG org.springframework.test.annotation.ProfileValueUtils - Retrieved @ProfileValueSourceConfiguration [null] for test class [com.inxpress.shipment.integrations.accufrate.RateQuoteClientTest]
17:10:30.531 [main] DEBUG org.springframework.test.annotation.ProfileValueUtils - Retrieved ProfileValueSource type [class org.springframework.test.annotation.SystemProfileValueSource] for class [com.inxpress.shipment.integrations.accufrate.RateQuoteClientTest]
17:10:30.531 [main] DEBUG org.springframework.test.annotation.ProfileValueUtils - Retrieved @ProfileValueSourceConfiguration [null] for test class [com.inxpress.shipment.integrations.accufrate.RateQuoteClientTest]
17:10:30.531 [main] DEBUG org.springframework.test.annotation.ProfileValueUtils - Retrieved ProfileValueSource type [class org.springframework.test.annotation.SystemProfileValueSource] for class [com.inxpress.shipment.integrations.accufrate.RateQuoteClientTest]
17:10:30.532 [main] DEBUG org.springframework.test.annotation.ProfileValueUtils - Retrieved @ProfileValueSourceConfiguration [null] for test class [com.inxpress.shipment.integrations.accufrate.RateQuoteClientTest]
17:10:30.532 [main] DEBUG org.springframework.test.annotation.ProfileValueUtils - Retrieved ProfileValueSource type [class org.springframework.test.annotation.SystemProfileValueSource] for class [com.inxpress.shipment.integrations.accufrate.RateQuoteClientTest]
17:10:30.533 [main] DEBUG org.springframework.test.context.support.AbstractDirtiesContextTestExecutionListener - Before test class: context [DefaultTestContext@1ddf84b8 testClass = RateQuoteClientTest, testInstance = [null], testMethod = [null], testException = [null], mergedContextConfiguration = [MergedContextConfiguration@1139b2f3 testClass = RateQuoteClientTest, locations = '{classpath:test-context.xml}', classes = '{}', contextInitializerClasses = '[]', activeProfiles = '{}', propertySourceLocations = '{}', propertySourceProperties = '{}', contextCustomizers = set[[empty]], contextLoader = 'org.springframework.test.context.support.DelegatingSmartContextLoader', parent = [null]], attributes = map[[empty]]], class annotated with @DirtiesContext [false] with mode [null].
17:10:30.534 [main] DEBUG org.springframework.test.annotation.ProfileValueUtils - Retrieved @ProfileValueSourceConfiguration [null] for test class [com.inxpress.shipment.integrations.accufrate.RateQuoteClientTest]
17:10:30.534 [main] DEBUG org.springframework.test.annotation.ProfileValueUtils - Retrieved ProfileValueSource type [class org.springframework.test.annotation.SystemProfileValueSource] for class [com.inxpress.shipment.integrations.accufrate.RateQuoteClientTest]
17:10:30.535 [main] DEBUG org.springframework.test.context.support.DependencyInjectionTestExecutionListener - Performing dependency injection for test context [[DefaultTestContext@1ddf84b8 testClass = RateQuoteClientTest, testInstance = com.inxpress.shipment.integrations.accufrate.RateQuoteClientTest@1cbbffcd, testMethod = [null], testException = [null], mergedContextConfiguration = [MergedContextConfiguration@1139b2f3 testClass = RateQuoteClientTest, locations = '{classpath:test-context.xml}', classes = '{}', contextInitializerClasses = '[]', activeProfiles = '{}', propertySourceLocations = '{}', propertySourceProperties = '{}', contextCustomizers = set[[empty]], contextLoader = 'org.springframework.test.context.support.DelegatingSmartContextLoader', parent = [null]], attributes = map['org.springframework.test.context.event.ApplicationEventsTestExecutionListener.recordApplicationEvents' -> false]]].
17:10:30.536 [main] DEBUG org.springframework.test.context.support.AbstractDelegatingSmartContextLoader - Delegating to GenericXmlContextLoader to load context from [MergedContextConfiguration@1139b2f3 testClass = RateQuoteClientTest, locations = '{classpath:test-context.xml}', classes = '{}', contextInitializerClasses = '[]', activeProfiles = '{}', propertySourceLocations = '{}', propertySourceProperties = '{}', contextCustomizers = set[[empty]], contextLoader = 'org.springframework.test.context.support.DelegatingSmartContextLoader', parent = [null]].
17:10:30.536 [main] DEBUG org.springframework.test.context.support.AbstractGenericContextLoader - Loading ApplicationContext for merged context configuration [[MergedContextConfiguration@1139b2f3 testClass = RateQuoteClientTest, locations = '{classpath:test-context.xml}', classes = '{}', contextInitializerClasses = '[]', activeProfiles = '{}', propertySourceLocations = '{}', propertySourceProperties = '{}', contextCustomizers = set[[empty]], contextLoader = 'org.springframework.test.context.support.DelegatingSmartContextLoader', parent = [null]]].
17:10:30.554 [main] DEBUG org.springframework.core.env.StandardEnvironment - Activating profiles []
17:10:30.670 [main] DEBUG org.springframework.context.annotation.ClassPathBeanDefinitionScanner - Identified candidate component class: file [/Users/andrew/Development/Projects/InXPress/Code/inxpress-shipment-integrations-accufrate/target/classes/com/inxpress/shipment/integrations/accufrate/mappers/QuoteRequestMarshaller.class]
17:10:30.671 [main] DEBUG org.springframework.context.annotation.ClassPathBeanDefinitionScanner - Identified candidate component class: file [/Users/andrew/Development/Projects/InXPress/Code/inxpress-shipment-integrations-accufrate/target/classes/com/inxpress/shipment/integrations/accufrate/mappers/QuoteUnmarshaller.class]
17:10:30.674 [main] DEBUG org.springframework.context.annotation.ClassPathBeanDefinitionScanner - Identified candidate component class: file [/Users/andrew/Development/Projects/InXPress/Code/inxpress-shipment-integrations-accufrate/target/classes/com/inxpress/shipment/integrations/accufrate/soap/RateQuoteConfiguration.class]
17:10:30.703 [main] DEBUG org.springframework.beans.factory.xml.XmlBeanDefinitionReader - Loaded 9 bean definitions from class path resource [test-context.xml]
17:10:30.704 [main] DEBUG org.springframework.context.support.GenericApplicationContext - Refreshing org.springframework.context.support.GenericApplicationContext@6e20b53a
17:10:30.715 [main] DEBUG org.springframework.beans.factory.support.DefaultListableBeanFactory - Creating shared instance of singleton bean 'org.springframework.context.annotation.internalConfigurationAnnotationProcessor'
17:10:30.772 [main] DEBUG org.springframework.beans.factory.support.DefaultListableBeanFactory - Creating shared instance of singleton bean 'org.springframework.context.support.PropertySourcesPlaceholderConfigurer#0'
17:10:30.793 [main] DEBUG org.springframework.beans.factory.support.DefaultListableBeanFactory - Creating shared instance of singleton bean 'org.springframework.context.event.internalEventListenerProcessor'
17:10:30.794 [main] DEBUG org.springframework.beans.factory.support.DefaultListableBeanFactory - Creating shared instance of singleton bean 'org.springframework.context.event.internalEventListenerFactory'
17:10:30.795 [main] DEBUG org.springframework.beans.factory.support.DefaultListableBeanFactory - Creating shared instance of singleton bean 'org.springframework.context.annotation.internalAutowiredAnnotationProcessor'
17:10:30.795 [main] DEBUG org.springframework.beans.factory.support.DefaultListableBeanFactory - Creating shared instance of singleton bean 'org.springframework.context.annotation.internalCommonAnnotationProcessor'
17:10:30.801 [main] DEBUG org.springframework.beans.factory.support.DefaultListableBeanFactory - Creating shared instance of singleton bean 'quoteRequestMarshaller'
17:10:30.807 [main] DEBUG org.springframework.beans.factory.support.DefaultListableBeanFactory - Creating shared instance of singleton bean 'quoteUnmarshaller'
17:10:30.809 [main] DEBUG org.springframework.beans.factory.support.DefaultListableBeanFactory - Creating shared instance of singleton bean 'rateQuoteConfiguration'
17:10:30.814 [main] DEBUG org.springframework.core.env.PropertySourcesPropertyResolver - Found key 'com.inxpress.shipment.integrations.accufrate.ratequote.url' in PropertySource 'localProperties' with value of type String
17:10:30.815 [main] DEBUG org.springframework.beans.factory.support.DefaultListableBeanFactory - Creating shared instance of singleton bean 'marshaller'
17:10:30.826 [main] DEBUG org.springframework.oxm.jaxb.Jaxb2Marshaller - Creating JAXBContext with context path [com.inxpress.shipment.integrations.accufrate.soap.ratequote]
17:10:30.954 [main] DEBUG org.springframework.beans.factory.support.DefaultListableBeanFactory - Creating shared instance of singleton bean 'rateQuoteClient'
17:10:30.956 [main] DEBUG org.springframework.beans.factory.support.DefaultListableBeanFactory - Autowiring by type from bean name 'rateQuoteClient' via factory method to bean named 'marshaller'
17:10:30.960 [main] INFO org.springframework.ws.soap.saaj.SaajSoapMessageFactory - Creating SAAJ 1.3 MessageFactory with SOAP 1.1 Protocol
17:10:30.969 [main] DEBUG org.springframework.ws.soap.saaj.SaajSoapMessageFactory - Using MessageFactory class [com.sun.xml.messaging.saaj.soap.ver1_1.SOAPMessageFactory1_1Impl]
17:10:30.972 [main] DEBUG org.springframework.core.env.PropertySourcesPropertyResolver - Found key 'com.inxpress.shipment.integrations.accufrate.ratequote.url' in PropertySource 'localProperties' with value of type String
17:10:30.977 [main] DEBUG org.springframework.test.context.cache.DefaultCacheAwareContextLoaderDelegate - Storing ApplicationContext [1847637306] in cache under key [[MergedContextConfiguration@1139b2f3 testClass = RateQuoteClientTest, locations = '{classpath:test-context.xml}', classes = '{}', contextInitializerClasses = '[]', activeProfiles = '{}', propertySourceLocations = '{}', propertySourceProperties = '{}', contextCustomizers = set[[empty]], contextLoader = 'org.springframework.test.context.support.DelegatingSmartContextLoader', parent = [null]]]
17:10:30.977 [main] DEBUG org.springframework.test.context.cache - Spring test ApplicationContext cache statistics: [DefaultContextCache@226f885f size = 1, maxSize = 32, parentContextCount = 0, hitCount = 0, missCount = 1]
17:10:30.978 [main] DEBUG org.springframework.test.context.cache.DefaultCacheAwareContextLoaderDelegate - Retrieved ApplicationContext [1847637306] from cache with key [[MergedContextConfiguration@1139b2f3 testClass = RateQuoteClientTest, locations = '{classpath:test-context.xml}', classes = '{}', contextInitializerClasses = '[]', activeProfiles = '{}', propertySourceLocations = '{}', propertySourceProperties = '{}', contextCustomizers = set[[empty]], contextLoader = 'org.springframework.test.context.support.DelegatingSmartContextLoader', parent = [null]]]
17:10:30.978 [main] DEBUG org.springframework.test.context.cache - Spring test ApplicationContext cache statistics: [DefaultContextCache@226f885f size = 1, maxSize = 32, parentContextCount = 0, hitCount = 1, missCount = 1]
17:10:30.981 [main] DEBUG org.springframework.test.context.support.AbstractDirtiesContextTestExecutionListener - Before test method: context [DefaultTestContext@1ddf84b8 testClass = RateQuoteClientTest, testInstance = com.inxpress.shipment.integrations.accufrate.RateQuoteClientTest@1cbbffcd, testMethod = rateQuoteIsReturned@RateQuoteClientTest, testException = [null], mergedContextConfiguration = [MergedContextConfiguration@1139b2f3 testClass = RateQuoteClientTest, locations = '{classpath:test-context.xml}', classes = '{}', contextInitializerClasses = '[]', activeProfiles = '{}', propertySourceLocations = '{}', propertySourceProperties = '{}', contextCustomizers = set[[empty]], contextLoader = 'org.springframework.test.context.support.DelegatingSmartContextLoader', parent = [null]], attributes = map['org.springframework.test.context.event.ApplicationEventsTestExecutionListener.recordApplicationEvents' -> false]], class annotated with @DirtiesContext [false] with mode [null], method annotated with @DirtiesContext [false] with mode [null].
17:10:30.982 [main] DEBUG org.springframework.test.context.cache.DefaultCacheAwareContextLoaderDelegate - Retrieved ApplicationContext [1847637306] from cache with key [[MergedContextConfiguration@1139b2f3 testClass = RateQuoteClientTest, locations = '{classpath:test-context.xml}', classes = '{}', contextInitializerClasses = '[]', activeProfiles = '{}', propertySourceLocations = '{}', propertySourceProperties = '{}', contextCustomizers = set[[empty]], contextLoader = 'org.springframework.test.context.support.DelegatingSmartContextLoader', parent = [null]]]
17:10:30.982 [main] DEBUG org.springframework.test.context.cache - Spring test ApplicationContext cache statistics: [DefaultContextCache@226f885f size = 1, maxSize = 32, parentContextCount = 0, hitCount = 2, missCount = 1]
17:10:30.982 [main] DEBUG org.springframework.test.context.cache.DefaultCacheAwareContextLoaderDelegate - Retrieved ApplicationContext [1847637306] from cache with key [[MergedContextConfiguration@1139b2f3 testClass = RateQuoteClientTest, locations = '{classpath:test-context.xml}', classes = '{}', contextInitializerClasses = '[]', activeProfiles = '{}', propertySourceLocations = '{}', propertySourceProperties = '{}', contextCustomizers = set[[empty]], contextLoader = 'org.springframework.test.context.support.DelegatingSmartContextLoader', parent = [null]]]
17:10:30.982 [main] DEBUG org.springframework.test.context.cache - Spring test ApplicationContext cache statistics: [DefaultContextCache@226f885f size = 1, maxSize = 32, parentContextCount = 0, hitCount = 3, missCount = 1]
17:10:30.983 [main] INFO com.inxpress.shipment.integrations.accufrate.RateQuoteClient - Requesting quote for customer 123456 from ZIP 91043 to ZIP 10036
17:10:31.077 [main] DEBUG org.springframework.ws.client.core.WebServiceTemplate - Opening [org.springframework.ws.transport.http.HttpUrlConnection@4fbb001b] to [https://run.mocky.io/v3/ef397793-0b41-4581-b039-2233042340ad]
17:10:31.108 [main] DEBUG org.springframework.ws.client.MessageTracing.sent - Sent request [SaajSoapMessage {http://tempuri.org/}GetQuotesForTariffs]
17:10:31.374 [main] DEBUG org.springframework.ws.client.MessageTracing.received - Received response [SaajSoapMessage {http://tempuri.org/}GetQuotesResponse] for request [SaajSoapMessage {http://tempuri.org/}GetQuotesForTariffs]
17:10:31.385 [main] INFO com.inxpress.shipment.integrations.accufrate.RateQuoteClient - Response is valid? true with error message '' and 2 items
17:10:31.429 [main] DEBUG org.springframework.test.context.cache.DefaultCacheAwareContextLoaderDelegate - Retrieved ApplicationContext [1847637306] from cache with key [[MergedContextConfiguration@1139b2f3 testClass = RateQuoteClientTest, locations = '{classpath:test-context.xml}', classes = '{}', contextInitializerClasses = '[]', activeProfiles = '{}', propertySourceLocations = '{}', propertySourceProperties = '{}', contextCustomizers = set[[empty]], contextLoader = 'org.springframework.test.context.support.DelegatingSmartContextLoader', parent = [null]]]
17:10:31.430 [main] DEBUG org.springframework.test.context.cache - Spring test ApplicationContext cache statistics: [DefaultContextCache@226f885f size = 1, maxSize = 32, parentContextCount = 0, hitCount = 4, missCount = 1]
17:10:31.431 [main] DEBUG org.springframework.test.context.cache.DefaultCacheAwareContextLoaderDelegate - Retrieved ApplicationContext [1847637306] from cache with key [[MergedContextConfiguration@1139b2f3 testClass = RateQuoteClientTest, locations = '{classpath:test-context.xml}', classes = '{}', contextInitializerClasses = '[]', activeProfiles = '{}', propertySourceLocations = '{}', propertySourceProperties = '{}', contextCustomizers = set[[empty]], contextLoader = 'org.springframework.test.context.support.DelegatingSmartContextLoader', parent = [null]]]
17:10:31.431 [main] DEBUG org.springframework.test.context.cache - Spring test ApplicationContext cache statistics: [DefaultContextCache@226f885f size = 1, maxSize = 32, parentContextCount = 0, hitCount = 5, missCount = 1]
17:10:31.431 [main] DEBUG org.springframework.test.context.support.AbstractDirtiesContextTestExecutionListener - After test method: context [DefaultTestContext@1ddf84b8 testClass = RateQuoteClientTest, testInstance = com.inxpress.shipment.integrations.accufrate.RateQuoteClientTest@1cbbffcd, testMethod = rateQuoteIsReturned@RateQuoteClientTest, testException = [null], mergedContextConfiguration = [MergedContextConfiguration@1139b2f3 testClass = RateQuoteClientTest, locations = '{classpath:test-context.xml}', classes = '{}', contextInitializerClasses = '[]', activeProfiles = '{}', propertySourceLocations = '{}', propertySourceProperties = '{}', contextCustomizers = set[[empty]], contextLoader = 'org.springframework.test.context.support.DelegatingSmartContextLoader', parent = [null]], attributes = map['org.springframework.test.context.event.ApplicationEventsTestExecutionListener.recordApplicationEvents' -> false]], class annotated with @DirtiesContext [false] with mode [null], method annotated with @DirtiesContext [false] with mode [null].
]]></system-out>
  </testcase>
</testsuite>